<?xml version="1.0" encoding="UTF-8"?>
<testsuite name="RiotAPIConnectionTest" tests="1" skipped="0" failures="0" errors="0" timestamp="2022-10-06T14:41:30" hostname="DESKTOP-6AQFF8V" time="37.801">
  <properties/>
  <testcase name="게임 5개 조회" classname="RiotAPIConnectionTest" time="37.801"/>
  <system-out><![CDATA[]]></system-out>
  <system-err><![CDATA[]]></system-err>
</testsuite>
