<?xml version="1.0" encoding="UTF-8"?>
<testsuite name="RiotAPIConnectionTest" tests="1" skipped="0" failures="0" errors="0" timestamp="2022-10-04T06:12:09" hostname="DESKTOP-GQVIB6Q" time="9.659">
  <properties/>
  <testcase name="소환사 이름으로 게임 ID 조회" classname="RiotAPIConnectionTest" time="9.659"/>
  <system-out><![CDATA[
]]></system-out>
  <system-err><![CDATA[]]></system-err>
</testsuite>
